c:\users\admin\desktop\software-sec\code\dll1\dll1\debug\vc142.pdb
c:\users\admin\desktop\software-sec\code\dll1\dll1\debug\vc142.idb
c:\users\admin\desktop\software-sec\code\dll1\dll1\debug\dllmain.obj
c:\users\admin\desktop\software-sec\code\dll1\dll1\debug\dll1.pch
c:\users\admin\desktop\software-sec\code\dll1\dll1\debug\pch.obj
c:\users\admin\desktop\software-sec\code\dll1\debug\dll1.lib
c:\users\admin\desktop\software-sec\code\dll1\debug\dll1.exp
c:\users\admin\desktop\software-sec\code\dll1\debug\dll1.dll
c:\users\admin\desktop\software-sec\code\dll1\debug\dll1.ilk
c:\users\admin\desktop\software-sec\code\dll1\debug\dll1.pdb
c:\users\admin\desktop\software-sec\code\dll1\dll1\debug\dll1.tlog\cl.command.1.tlog
c:\users\admin\desktop\software-sec\code\dll1\dll1\debug\dll1.tlog\cl.read.1.tlog
c:\users\admin\desktop\software-sec\code\dll1\dll1\debug\dll1.tlog\cl.write.1.tlog
c:\users\admin\desktop\software-sec\code\dll1\dll1\debug\dll1.tlog\dll1.write.1u.tlog
c:\users\admin\desktop\software-sec\code\dll1\dll1\debug\dll1.tlog\link.15492.delete.1.tlog
c:\users\admin\desktop\software-sec\code\dll1\dll1\debug\dll1.tlog\link.15668.delete.1.tlog
c:\users\admin\desktop\software-sec\code\dll1\dll1\debug\dll1.tlog\link.16112.delete.1.tlog
c:\users\admin\desktop\software-sec\code\dll1\dll1\debug\dll1.tlog\link.18368.delete.1.tlog
c:\users\admin\desktop\software-sec\code\dll1\dll1\debug\dll1.tlog\link.9472.delete.1.tlog
c:\users\admin\desktop\software-sec\code\dll1\dll1\debug\dll1.tlog\link.command.1.tlog
c:\users\admin\desktop\software-sec\code\dll1\dll1\debug\dll1.tlog\link.read.1.tlog
c:\users\admin\desktop\software-sec\code\dll1\dll1\debug\dll1.tlog\link.write.1.tlog
